Determining if the pthread_create exist failed with the following output:
Change Dir: /home/amrita/Desktop/Example/build/CMakeFiles/CMakeTmp

Run Build Command:"/usr/bin/make" "cmTC_41658/fast"
/usr/bin/make -f CMakeFiles/cmTC_41658.dir/build.make CMakeFiles/cmTC_41658.dir/build
make[1]: Entering directory '/home/amrita/Desktop/Example/build/CMakeFiles/CMakeTmp'
Building C object CMakeFiles/cmTC_41658.dir/CheckSymbolExists.c.o
/usr/bin/cc    -o CMakeFiles/cmTC_41658.dir/CheckSymbolExists.c.o   -c /home/amrita/Desktop/Example/build/CMakeFiles/CMakeTmp/CheckSymbolExists.c
Linking C executable cmTC_41658
/usr/bin/cmake -E cmake_link_script CMakeFiles/cmTC_41658.dir/link.txt --verbose=1
/usr/bin/cc      -rdynamic CMakeFiles/cmTC_41658.dir/CheckSymbolExists.c.o  -o cmTC_41658 
CMakeFiles/cmTC_41658.dir/CheckSymbolExists.c.o: In function `main':
CheckSymbolExists.c:(.text+0x1b): undefined reference to `pthread_create'
collect2: error: ld returned 1 exit status
CMakeFiles/cmTC_41658.dir/build.make:97: recipe for target 'cmTC_41658' failed
make[1]: *** [cmTC_41658] Error 1
make[1]: Leaving directory '/home/amrita/Desktop/Example/build/CMakeFiles/CMakeTmp'
Makefile:126: recipe for target 'cmTC_41658/fast' failed
make: *** [cmTC_41658/fast] Error 2

File /home/amrita/Desktop/Example/build/CMakeFiles/CMakeTmp/CheckSymbolExists.c:
/* */
#include <pthread.h>

int main(int argc, char** argv)
{
  (void)argv;
#ifndef pthread_create
  return ((int*)(&pthread_create))[argc];
#else
  (void)argc;
  return 0;
#endif
}

Determining if the function pthread_create exists in the pthreads failed with the following output:
Change Dir: /home/amrita/Desktop/Example/build/CMakeFiles/CMakeTmp

Run Build Command:"/usr/bin/make" "cmTC_d19eb/fast"
/usr/bin/make -f CMakeFiles/cmTC_d19eb.dir/build.make CMakeFiles/cmTC_d19eb.dir/build
make[1]: Entering directory '/home/amrita/Desktop/Example/build/CMakeFiles/CMakeTmp'
Building C object CMakeFiles/cmTC_d19eb.dir/CheckFunctionExists.c.o
/usr/bin/cc   -DCHECK_FUNCTION_EXISTS=pthread_create   -o CMakeFiles/cmTC_d19eb.dir/CheckFunctionExists.c.o   -c /usr/share/cmake-3.10/Modules/CheckFunctionExists.c
Linking C executable cmTC_d19eb
/usr/bin/cmake -E cmake_link_script CMakeFiles/cmTC_d19eb.dir/link.txt --verbose=1
/usr/bin/cc  -DCHECK_FUNCTION_EXISTS=pthread_create    -rdynamic CMakeFiles/cmTC_d19eb.dir/CheckFunctionExists.c.o  -o cmTC_d19eb -lpthreads 
/usr/bin/ld: cannot find -lpthreads
collect2: error: ld returned 1 exit status
CMakeFiles/cmTC_d19eb.dir/build.make:97: recipe for target 'cmTC_d19eb' failed
make[1]: *** [cmTC_d19eb] Error 1
make[1]: Leaving directory '/home/amrita/Desktop/Example/build/CMakeFiles/CMakeTmp'
Makefile:126: recipe for target 'cmTC_d19eb/fast' failed
make: *** [cmTC_d19eb/fast] Error 2


